<?xml version="1.0" encoding="UTF-8"?>
<testng-results skipped="0" failed="0" ignored="0" total="1" passed="1">
  <reporter-output>
  </reporter-output>
  <suite name="Default suite" duration-ms="15523" started-at="2023-08-03T00:35:01Z" finished-at="2023-08-03T00:35:16Z">
    <groups>
    </groups>
    <test name="Default test" duration-ms="15523" started-at="2023-08-03T00:35:01Z" finished-at="2023-08-03T00:35:16Z">
      <class name="script.Execute">
        <test-method status="PASS" signature="openapp()[pri:0, instance:script.Execute@610694f1]" name="openapp" is-config="true" duration-ms="10824" started-at="2023-08-03T00:35:01Z" finished-at="2023-08-03T00:35:12Z">
          <reporter-output>
          </reporter-output>
        </test-method> <!-- openapp -->
        <test-method status="PASS" signature="testexecute()[pri:0, instance:script.Execute@610694f1]" name="testexecute" duration-ms="4672" started-at="2023-08-03T00:35:12Z" finished-at="2023-08-03T00:35:16Z">
          <reporter-output>
          </reporter-output>
        </test-method> <!-- testexecute -->
      </class> <!-- script.Execute -->
    </test> <!-- Default test -->
  </suite> <!-- Default suite -->
</testng-results>
